# JRE version: Java(TM) SE Runtime Environment (8.0_101-b13) (build 1.8.0_101-b13)
# Java VM: Java HotSpot(TM) Client VM (25.101-b13 mixed mode windows-x86 )
Heap:
 def new generation   total 68544K, used 60992K [0x04400000, 0x08e50000, 0x19950000)
  eden space 60992K, 100% used [0x04400000, 0x07f90000, 0x07f90000)
  from space 7552K,   0% used [0x07f90000, 0x07f90000, 0x086f0000)
  to   space 7552K, 100% used [0x086f0000, 0x08e50000, 0x08e50000)
 tenured generation   total 154132K, used 154132K [0x19950000, 0x22fd5000, 0x44400000)
   the space 154132K, 100% used [0x19950000, 0x22fd5000, 0x22fd5000, 0x22fd5000)
 Metaspace       used 3474K, capacity 3494K, committed 3520K, reserved 4480K
GC Heap History (10 events):
Event: 7.874 GC heap after
Heap after GC invocations=56 (full 5):
 def new generation   total 38528K, used 4223K [0x04400000, 0x06dc0000, 0x19950000)
  eden space 34304K,   0% used [0x04400000, 0x04400000, 0x06580000)
  from space 4224K,  99% used [0x06580000, 0x0699fff8, 0x069a0000)
  to   space 4224K,   0% used [0x069a0000, 0x069a0000, 0x06dc0000)
 tenured generation   total 144500K, used 132650K [0x19950000, 0x2266d000, 0x44400000)
   the space 144500K,  91% used [0x19950000, 0x21ada980, 0x21adaa00, 0x2266d000)
 Metaspace       used 3474K, capacity 3494K, committed 3520K, reserved 4480K
}
Event: 8.037 GC heap before
{Heap before GC invocations=56 (full 5):
 def new generation   total 38528K, used 38527K [0x04400000, 0x06dc0000, 0x19950000)
  eden space 34304K, 100% used [0x04400000, 0x06580000, 0x06580000)
  from space 4224K,  99% used [0x06580000, 0x0699fff8, 0x069a0000)
  to   space 4224K,   0% used [0x069a0000, 0x069a0000, 0x06dc0000)
 tenured generation   total 144500K, used 132650K [0x19950000, 0x2266d000, 0x44400000)
   the space 144500K,  91% used [0x19950000, 0x21ada980, 0x21adaa00, 0x2266d000)
 Metaspace       used 3474K, capacity 3494K, committed 3520K, reserved 4480K
Event: 8.073 GC heap after
Heap after GC invocations=57 (full 5):
 def new generation   total 38528K, used 4224K [0x04400000, 0x06dc0000, 0x19950000)
  eden space 34304K,   0% used [0x04400000, 0x04400000, 0x06580000)
  from space 4224K, 100% used [0x069a0000, 0x06dc0000, 0x06dc0000)
  to   space 4224K,   0% used [0x06580000, 0x06580000, 0x069a0000)
 tenured generation   total 144500K, used 137423K [0x19950000, 0x2266d000, 0x44400000)
   the space 144500K,  95% used [0x19950000, 0x21f83d88, 0x21f83e00, 0x2266d000)
 Metaspace       used 3474K, capacity 3494K, committed 3520K, reserved 4480K
}
Event: 8.191 GC heap before
{Heap before GC invocations=57 (full 5):
 def new generation   total 38528K, used 38528K [0x04400000, 0x06dc0000, 0x19950000)
  eden space 34304K, 100% used [0x04400000, 0x06580000, 0x06580000)
  from space 4224K, 100% used [0x069a0000, 0x06dc0000, 0x06dc0000)
  to   space 4224K,   0% used [0x06580000, 0x06580000, 0x069a0000)
 tenured generation   total 144500K, used 137423K [0x19950000, 0x2266d000, 0x44400000)
   the space 144500K,  95% used [0x19950000, 0x21f83d88, 0x21f83e00, 0x2266d000)
 Metaspace       used 3474K, capacity 3494K, committed 3520K, reserved 4480K
Event: 8.231 GC heap after
Heap after GC invocations=58 (full 5):
 def new generation   total 38528K, used 4224K [0x04400000, 0x06dc0000, 0x19950000)
  eden space 34304K,   0% used [0x04400000, 0x04400000, 0x06580000)
  from space 4224K, 100% used [0x06580000, 0x069a0000, 0x069a0000)
  to   space 4224K,   0% used [0x069a0000, 0x069a0000, 0x06dc0000)
 tenured generation   total 144500K, used 142633K [0x19950000, 0x2266d000, 0x44400000)
   the space 144500K,  98% used [0x19950000, 0x2249a640, 0x2249a800, 0x2266d000)
 Metaspace       used 3474K, capacity 3494K, committed 3520K, reserved 4480K
}
Event: 8.328 GC heap before
{Heap before GC invocations=58 (full 5):
 def new generation   total 38528K, used 38528K [0x04400000, 0x06dc0000, 0x19950000)
  eden space 34304K, 100% used [0x04400000, 0x06580000, 0x06580000)
  from space 4224K, 100% used [0x06580000, 0x069a0000, 0x069a0000)
  to   space 4224K,   0% used [0x069a0000, 0x069a0000, 0x06dc0000)
 tenured generation   total 144500K, used 142633K [0x19950000, 0x2266d000, 0x44400000)
   the space 144500K,  98% used [0x19950000, 0x2249a640, 0x2249a800, 0x2266d000)
 Metaspace       used 3474K, capacity 3494K, committed 3520K, reserved 4480K
Event: 8.984 GC heap after
Heap after GC invocations=59 (full 6):
 def new generation   total 66176K, used 4149K [0x04400000, 0x08bc0000, 0x19950000)
  eden space 58880K,   7% used [0x04400000, 0x0480d480, 0x07d80000)
  from space 7296K,   0% used [0x07d80000, 0x07d80000, 0x084a0000)
  to   space 7296K,   0% used [0x084a0000, 0x084a0000, 0x08bc0000)
 tenured generation   total 146804K, used 146803K [0x19950000, 0x228ad000, 0x44400000)
   the space 146804K,  99% used [0x19950000, 0x228acff0, 0x228ad000, 0x228ad000)
 Metaspace       used 3474K, capacity 3494K, committed 3520K, reserved 4480K
}
Event: 10.808 GC heap before
{Heap before GC invocations=59 (full 6):
 def new generation   total 66176K, used 58880K [0x04400000, 0x08bc0000, 0x19950000)
  eden space 58880K, 100% used [0x04400000, 0x07d80000, 0x07d80000)
  from space 7296K,   0% used [0x07d80000, 0x07d80000, 0x084a0000)
  to   space 7296K,   0% used [0x084a0000, 0x084a0000, 0x08bc0000)
 tenured generation   total 146804K, used 146803K [0x19950000, 0x228ad000, 0x44400000)
   the space 146804K,  99% used [0x19950000, 0x228acff0, 0x228ad000, 0x228ad000)
 Metaspace       used 3474K, capacity 3494K, committed 3520K, reserved 4480K
Event: 11.625 GC heap after
Heap after GC invocations=60 (full 7):
 def new generation   total 68544K, used 6932K [0x04400000, 0x08e50000, 0x19950000)
  eden space 60992K,  11% used [0x04400000, 0x04ac5330, 0x07f90000)
  from space 7552K,   0% used [0x07f90000, 0x07f90000, 0x086f0000)
  to   space 7552K,   0% used [0x086f0000, 0x086f0000, 0x08e50000)
 tenured generation   total 152052K, used 152051K [0x19950000, 0x22dcd000, 0x44400000)
   the space 152052K,  99% used [0x19950000, 0x22dccff8, 0x22dcd000, 0x22dcd000)
 Metaspace       used 3474K, capacity 3494K, committed 3520K, reserved 4480K
}
Event: 13.160 GC heap before
{Heap before GC invocations=60 (full 7):
 def new generation   total 68544K, used 60992K [0x04400000, 0x08e50000, 0x19950000)
  eden space 60992K, 100% used [0x04400000, 0x07f90000, 0x07f90000)
  from space 7552K,   0% used [0x07f90000, 0x07f90000, 0x086f0000)
  to   space 7552K,   0% used [0x086f0000, 0x086f0000, 0x08e50000)
 tenured generation   total 152052K, used 152051K [0x19950000, 0x22dcd000, 0x44400000)
   the space 152052K,  99% used [0x19950000, 0x22dccff8, 0x22dcd000, 0x22dcd000)
 Metaspace       used 3474K, capacity 3494K, committed 3520K, reserved 4480K

